<?xml version="1.0" encoding="UTF-8"?>
<Site BuildName="Win32-ninja"
	BuildStamp="20240217-0219-Experimental"
	Name="DESKTOP-91KIV0T"
	Generator="ctest-3.28.1"
	CompilerName="C:/mingw64/bin/g++.exe"
	CompilerVersion=""
	OSName="Windows"
	Hostname="DESKTOP-91KIV0T"
	OSRelease=" Professional"
	OSVersion=" (Build 19045)"
	OSPlatform="AMD64"
	Is64Bits="1"
	VendorString="GenuineIntel"
	VendorID="Intel Corporation"
	FamilyID="6"
	ModelID="14"
	ProcessorCacheSize="-1"
	NumberOfLogicalCPU="4"
	NumberOfPhysicalCPU="2"
	TotalVirtualMemory="10754"
	TotalPhysicalMemory="8066"
	LogicalProcessorsPerPhysical="2"
	ProcessorClockFrequency="2712"
	>
	<Testing>
		<StartDateTime>Feb 17 08:54 Myanmar Standard Time</StartDateTime>
		<StartTestTime>1708136696</StartTestTime>
		<TestList/>
		<EndDateTime>Feb 17 08:54 Myanmar Standard Time</EndDateTime>
		<EndTestTime>1708136696</EndTestTime>
		<ElapsedMinutes>0</ElapsedMinutes>
	</Testing>
</Site>
